c:\workspace\vulkan-dev\samples\shapetool\projects\msvc\shapetool\x64\debug\vc143.pdb
c:\workspace\vulkan-dev\samples\shapetool\projects\msvc\shapetool\x64\debug\vc143.idb
c:\workspace\vulkan-dev\samples\shapetool\projects\msvc\shapetool\x64\debug\shapetool.obj
c:\workspace\vulkan-dev\samples\shapetool\projects\msvc\shapetool\x64\debug\drawshape.obj
c:\workspace\vulkan-dev\samples\shapetool\projects\msvc\shapetool\x64\debug\syslog-client.obj
c:\workspace\vulkan-dev\samples\shapetool\projects\msvc\shapetool\x64\debug\mmap.obj
c:\workspace\vulkan-dev\samples\shapetool\projects\msvc\shapetool\x64\debug\getopt_longw.obj
c:\workspace\vulkan-dev\samples\shapetool\projects\msvc\shapetool\x64\debug\getoptw.obj
c:\workspace\vulkan-dev\samples\shapetool\projects\msvc\shapetool\x64\debug\smallregex.obj
c:\workspace\vulkan-dev\samples\shapetool\projects\msvc\shapetool\x64\debug\cssparse.obj
c:\workspace\vulkan-dev\samples\shapetool\projects\msvc\shapetool\x64\debug\shapetool.ilk
c:\workspace\vulkan-dev\samples\shapetool\projects\msvc\shapetool\x64\debug\shapetool.exe
c:\workspace\vulkan-dev\samples\shapetool\projects\msvc\shapetool\x64\debug\shapetool.pdb
c:\workspace\vulkan-dev\samples\shapetool\projects\msvc\shapetool\x64\debug\shapetool.tlog\cl.command.1.tlog
c:\workspace\vulkan-dev\samples\shapetool\projects\msvc\shapetool\x64\debug\shapetool.tlog\cl.items.tlog
c:\workspace\vulkan-dev\samples\shapetool\projects\msvc\shapetool\x64\debug\shapetool.tlog\cl.read.1.tlog
c:\workspace\vulkan-dev\samples\shapetool\projects\msvc\shapetool\x64\debug\shapetool.tlog\cl.write.1.tlog
c:\workspace\vulkan-dev\samples\shapetool\projects\msvc\shapetool\x64\debug\shapetool.tlog\link.command.1.tlog
c:\workspace\vulkan-dev\samples\shapetool\projects\msvc\shapetool\x64\debug\shapetool.tlog\link.read.1.tlog
c:\workspace\vulkan-dev\samples\shapetool\projects\msvc\shapetool\x64\debug\shapetool.tlog\link.write.1.tlog
